<?xml version="1.0" encoding="UTF-8"?>
<!-- Generated by org.testng.reporters.JUnitReportReporter -->
<testsuite hostname="DESKTOP-P28HKM6" failures="0" tests="1" name="Test.TestNgClass" time="0.012" errors="0" timestamp="2022-09-10T14:47:04 IST" skipped="0">
  <testcase classname="Test.TestNgClass" name="test" time="0.012"/>
  <system-out/>
</testsuite> <!-- Test.TestNgClass -->
